0 info it worked if it ends with ok
1 verbose cli [ '/Users/maupal/.nvm/versions/node/v0.12.4/bin/node',
1 verbose cli   '/Users/maupal/.nvm/versions/node/v0.12.4/bin/npm',
1 verbose cli   'run',
1 verbose cli   'watch' ]
2 info using npm@2.10.1
3 info using node@v0.12.4
4 verbose run-script [ 'prewatch', 'watch', 'postwatch' ]
5 info prewatch wdlk-ocean-store@1.0.0
6 info watch wdlk-ocean-store@1.0.0
7 verbose unsafe-perm in lifecycle true
8 info wdlk-ocean-store@1.0.0 Failed to exec watch script
9 verbose stack Error: wdlk-ocean-store@1.0.0 watch: `babel-node tasks/watch.js`
9 verbose stack Exit status 1
9 verbose stack     at EventEmitter.<anonymous> (/Users/maupal/.nvm/versions/node/v0.12.4/lib/node_modules/npm/lib/utils/lifecycle.js:213:16)
9 verbose stack     at EventEmitter.emit (events.js:110:17)
9 verbose stack     at ChildProcess.<anonymous> (/Users/maupal/.nvm/versions/node/v0.12.4/lib/node_modules/npm/lib/utils/spawn.js:24:14)
9 verbose stack     at ChildProcess.emit (events.js:110:17)
9 verbose stack     at maybeClose (child_process.js:1015:16)
9 verbose stack     at Process.ChildProcess._handle.onexit (child_process.js:1087:5)
10 verbose pkgid wdlk-ocean-store@1.0.0
11 verbose cwd /Users/maupal/Lab/wdlk-ocean-store
12 error Darwin 15.2.0
13 error argv "/Users/maupal/.nvm/versions/node/v0.12.4/bin/node" "/Users/maupal/.nvm/versions/node/v0.12.4/bin/npm" "run" "watch"
14 error node v0.12.4
15 error npm  v2.10.1
16 error code ELIFECYCLE
17 error wdlk-ocean-store@1.0.0 watch: `babel-node tasks/watch.js`
17 error Exit status 1
18 error Failed at the wdlk-ocean-store@1.0.0 watch script 'babel-node tasks/watch.js'.
18 error This is most likely a problem with the wdlk-ocean-store package,
18 error not with npm itself.
18 error Tell the author that this fails on your system:
18 error     babel-node tasks/watch.js
18 error You can get their info via:
18 error     npm owner ls wdlk-ocean-store
18 error There is likely additional logging output above.
19 verbose exit [ 1, true ]
