0 info it worked if it ends with ok
1 verbose cli [ '/Users/maupal/.nvm/versions/io.js/v2.0.0/bin/iojs',
1 verbose cli   '/Users/maupal/.nvm/versions/io.js/v2.0.0/bin/npm',
1 verbose cli   'run',
1 verbose cli   'sass.js' ]
2 info using npm@2.9.0
3 info using node@v2.0.0
4 verbose stack Error: missing script: sass.js
4 verbose stack     at run (/Users/maupal/.nvm/versions/io.js/v2.0.0/lib/node_modules/npm/lib/run-script.js:165:19)
4 verbose stack     at /Users/maupal/.nvm/versions/io.js/v2.0.0/lib/node_modules/npm/lib/run-script.js:81:5
4 verbose stack     at /Users/maupal/.nvm/versions/io.js/v2.0.0/lib/node_modules/npm/node_modules/read-package-json/read-json.js:345:5
4 verbose stack     at checkBinReferences_ (/Users/maupal/.nvm/versions/io.js/v2.0.0/lib/node_modules/npm/node_modules/read-package-json/read-json.js:309:45)
4 verbose stack     at final (/Users/maupal/.nvm/versions/io.js/v2.0.0/lib/node_modules/npm/node_modules/read-package-json/read-json.js:343:3)
4 verbose stack     at then (/Users/maupal/.nvm/versions/io.js/v2.0.0/lib/node_modules/npm/node_modules/read-package-json/read-json.js:113:5)
4 verbose stack     at /Users/maupal/.nvm/versions/io.js/v2.0.0/lib/node_modules/npm/node_modules/read-package-json/read-json.js:300:12
4 verbose stack     at FSReqWrap.readFileAfterClose [as oncomplete] (evalmachine.<anonymous>:382:3)
5 verbose cwd /Users/maupal/Lab/wdlk-ocean-store/tasks
6 error Darwin 14.3.0
7 error argv "/Users/maupal/.nvm/versions/io.js/v2.0.0/bin/iojs" "/Users/maupal/.nvm/versions/io.js/v2.0.0/bin/npm" "run" "sass.js"
8 error node v2.0.0
9 error npm  v2.9.0
10 error missing script: sass.js
11 error If you need help, you may report this error at:
11 error     <https://github.com/npm/npm/issues>
12 verbose exit [ 1, true ]
